<?xml version="1.0" encoding="UTF-8"?>
<!-- Generated by org.testng.reporters.JUnitReportReporter -->
<testsuite hostname="DESKTOP-0NVT83N" failures="0" tests="1" name="Maven.Master.Entities" time="43.397" errors="0" timestamp="2025-07-18T12:18:50 IST" skipped="0">
  <testcase classname="Maven.Master.Entities" name="testEntities" time="43.397"/>
</testsuite> <!-- Maven.Master.Entities -->
