<?xml version="1.0" encoding="UTF-8"?>
<!-- Generated by org.testng.reporters.JUnitReportReporter -->
<testsuite hostname="DESKTOP-0NVT83N" failures="0" tests="1" name="Maven.Master.Item" time="56.104" errors="0" timestamp="2025-08-05T12:20:24 IST" skipped="0">
  <testcase classname="Maven.Master.Item" name="testItem" time="56.104"/>
</testsuite> <!-- Maven.Master.Item -->
